0 verbose cli /usr/bin/node /usr/bin/npm
1 info using npm@10.8.2
2 info using node@v18.20.8
3 silly config load:file:/usr/lib/node_modules/npm/npmrc
4 silly config load:file:/home/ubuntu/node_CRUD/.npmrc
5 silly config load:file:/home/ubuntu/.npmrc
6 silly config load:file:/usr/etc/npmrc
7 verbose title npm install express mysql dotenv
8 verbose argv "install" "express" "mysql" "dotenv"
9 verbose logfile logs-max:10 dir:/home/ubuntu/.npm/_logs/2025-10-07T06_21_16_366Z-
10 verbose logfile /home/ubuntu/.npm/_logs/2025-10-07T06_21_16_366Z-debug-0.log
11 silly packumentCache heap:1027080192 maxSize:256770048 maxEntrySize:128385024
12 silly logfile done cleaning log files
13 silly idealTree buildDeps
14 silly fetch manifest express@*
15 silly packumentCache full:https://registry.npmjs.org/express cache-miss
16 http fetch GET 200 https://registry.npmjs.org/express 161ms (cache revalidated)
17 silly packumentCache full:https://registry.npmjs.org/express set size:796269 disposed:false
18 silly fetch manifest mysql@*
19 silly packumentCache full:https://registry.npmjs.org/mysql cache-miss
20 http fetch GET 200 https://registry.npmjs.org/mysql 43ms (cache revalidated)
21 silly packumentCache full:https://registry.npmjs.org/mysql set size:188395 disposed:false
22 silly fetch manifest dotenv@*
23 silly packumentCache full:https://registry.npmjs.org/dotenv cache-miss
24 http fetch GET 200 https://registry.npmjs.org/dotenv 46ms (cache revalidated)
25 silly packumentCache full:https://registry.npmjs.org/dotenv set size:261324 disposed:false
26 silly placeDep ROOT dotenv@17.2.3 OK for: node_crud@1.0.0 want: *
27 silly placeDep ROOT express@5.1.0 OK for: node_crud@1.0.0 want: *
28 silly placeDep ROOT mysql@2.18.1 OK for: node_crud@1.0.0 want: *
29 silly fetch manifest qs@^6.14.0
30 silly packumentCache full:https://registry.npmjs.org/qs cache-miss
31 http fetch GET 200 https://registry.npmjs.org/qs 45ms (cache revalidated)
32 silly packumentCache full:https://registry.npmjs.org/qs set size:264677 disposed:false
33 silly fetch manifest etag@^1.8.1
34 silly packumentCache full:https://registry.npmjs.org/etag cache-miss
35 http fetch GET 200 https://registry.npmjs.org/etag 40ms (cache revalidated)
36 silly packumentCache full:https://registry.npmjs.org/etag set size:30032 disposed:false
37 silly fetch manifest once@^1.4.0
38 silly packumentCache full:https://registry.npmjs.org/once cache-miss
39 http fetch GET 200 https://registry.npmjs.org/once 42ms (cache revalidated)
40 silly packumentCache full:https://registry.npmjs.org/once set size:11768 disposed:false
41 silly fetch manifest send@^1.1.0
42 silly packumentCache full:https://registry.npmjs.org/send cache-miss
43 http fetch GET 200 https://registry.npmjs.org/send 43ms (cache revalidated)
44 silly packumentCache full:https://registry.npmjs.org/send set size:147586 disposed:false
45 silly fetch manifest vary@^1.1.2
46 silly packumentCache full:https://registry.npmjs.org/vary cache-miss
47 http fetch GET 200 https://registry.npmjs.org/vary 34ms (cache revalidated)
48 silly packumentCache full:https://registry.npmjs.org/vary set size:16018 disposed:false
49 silly fetch manifest debug@^4.4.0
50 silly packumentCache full:https://registry.npmjs.org/debug cache-miss
51 http fetch GET 200 https://registry.npmjs.org/debug 39ms (cache revalidated)
52 silly packumentCache full:https://registry.npmjs.org/debug set size:195840 disposed:false
53 silly fetch manifest fresh@^2.0.0
54 silly packumentCache full:https://registry.npmjs.org/fresh cache-miss
55 http fetch GET 200 https://registry.npmjs.org/fresh 48ms (cache revalidated)
56 silly packumentCache full:https://registry.npmjs.org/fresh set size:25427 disposed:false
57 silly fetch manifest cookie@^0.7.1
58 silly packumentCache full:https://registry.npmjs.org/cookie cache-miss
59 http fetch GET 200 https://registry.npmjs.org/cookie 74ms (cache revalidated)
60 silly packumentCache full:https://registry.npmjs.org/cookie set size:67180 disposed:false
61 silly fetch manifest router@^2.2.0
62 silly packumentCache full:https://registry.npmjs.org/router cache-miss
63 http fetch GET 200 https://registry.npmjs.org/router 51ms (cache revalidated)
64 silly packumentCache full:https://registry.npmjs.org/router set size:116499 disposed:false
65 silly fetch manifest accepts@^2.0.0
66 silly packumentCache full:https://registry.npmjs.org/accepts cache-miss
67 http fetch GET 200 https://registry.npmjs.org/accepts 45ms (cache revalidated)
68 silly packumentCache full:https://registry.npmjs.org/accepts set size:77054 disposed:false
69 silly fetch manifest type-is@^2.0.1
70 silly packumentCache full:https://registry.npmjs.org/type-is cache-miss
71 http fetch GET 200 https://registry.npmjs.org/type-is 38ms (cache revalidated)
72 silly packumentCache full:https://registry.npmjs.org/type-is set size:86196 disposed:false
73 silly fetch manifest parseurl@^1.3.3
74 silly packumentCache full:https://registry.npmjs.org/parseurl cache-miss
75 http fetch GET 200 https://registry.npmjs.org/parseurl 40ms (cache revalidated)
76 silly packumentCache full:https://registry.npmjs.org/parseurl set size:24148 disposed:false
77 silly fetch manifest statuses@^2.0.1
78 silly packumentCache full:https://registry.npmjs.org/statuses cache-miss
79 http fetch GET 200 https://registry.npmjs.org/statuses 49ms (cache revalidated)
80 silly packumentCache full:https://registry.npmjs.org/statuses set size:37117 disposed:false
81 silly fetch manifest encodeurl@^2.0.0
82 silly packumentCache full:https://registry.npmjs.org/encodeurl cache-miss
83 http fetch GET 200 https://registry.npmjs.org/encodeurl 43ms (cache revalidated)
84 silly packumentCache full:https://registry.npmjs.org/encodeurl set size:12296 disposed:false
85 silly fetch manifest mime-types@^3.0.0
86 silly packumentCache full:https://registry.npmjs.org/mime-types cache-miss
87 http fetch GET 200 https://registry.npmjs.org/mime-types 41ms (cache revalidated)
88 silly packumentCache full:https://registry.npmjs.org/mime-types set size:136716 disposed:false
89 silly fetch manifest proxy-addr@^2.0.7
90 silly packumentCache full:https://registry.npmjs.org/proxy-addr cache-miss
91 http fetch GET 200 https://registry.npmjs.org/proxy-addr 51ms (cache revalidated)
92 silly packumentCache full:https://registry.npmjs.org/proxy-addr set size:61619 disposed:false
93 silly fetch manifest body-parser@^2.2.0
94 silly packumentCache full:https://registry.npmjs.org/body-parser cache-miss
95 http fetch GET 200 https://registry.npmjs.org/body-parser 41ms (cache revalidated)
96 silly packumentCache full:https://registry.npmjs.org/body-parser set size:209520 disposed:false
97 silly fetch manifest escape-html@^1.0.3
98 silly packumentCache full:https://registry.npmjs.org/escape-html cache-miss
99 http fetch GET 200 https://registry.npmjs.org/escape-html 37ms (cache revalidated)
100 silly packumentCache full:https://registry.npmjs.org/escape-html set size:7345 disposed:false
101 silly fetch manifest http-errors@^2.0.0
102 silly packumentCache full:https://registry.npmjs.org/http-errors cache-miss
103 http fetch GET 200 https://registry.npmjs.org/http-errors 34ms (cache revalidated)
104 silly packumentCache full:https://registry.npmjs.org/http-errors set size:69537 disposed:false
105 silly fetch manifest on-finished@^2.4.1
106 silly packumentCache full:https://registry.npmjs.org/on-finished cache-miss
107 http fetch GET 200 https://registry.npmjs.org/on-finished 34ms (cache revalidated)
108 silly packumentCache full:https://registry.npmjs.org/on-finished set size:23212 disposed:false
109 silly fetch manifest content-type@^1.0.5
110 silly packumentCache full:https://registry.npmjs.org/content-type cache-miss
111 http fetch GET 200 https://registry.npmjs.org/content-type 40ms (cache revalidated)
112 silly packumentCache full:https://registry.npmjs.org/content-type set size:17311 disposed:false
113 silly fetch manifest finalhandler@^2.1.0
114 silly packumentCache full:https://registry.npmjs.org/finalhandler cache-miss
115 http fetch GET 200 https://registry.npmjs.org/finalhandler 44ms (cache revalidated)
116 silly packumentCache full:https://registry.npmjs.org/finalhandler set size:74406 disposed:false
117 silly fetch manifest range-parser@^1.2.1
118 silly packumentCache full:https://registry.npmjs.org/range-parser cache-miss
119 http fetch GET 200 https://registry.npmjs.org/range-parser 38ms (cache revalidated)
120 silly packumentCache full:https://registry.npmjs.org/range-parser set size:22228 disposed:false
121 silly fetch manifest serve-static@^2.2.0
122 silly packumentCache full:https://registry.npmjs.org/serve-static cache-miss
123 http fetch GET 200 https://registry.npmjs.org/serve-static 35ms (cache revalidated)
124 silly packumentCache full:https://registry.npmjs.org/serve-static set size:145938 disposed:false
125 silly fetch manifest cookie-signature@^1.2.1
126 silly packumentCache full:https://registry.npmjs.org/cookie-signature cache-miss
127 http fetch GET 200 https://registry.npmjs.org/cookie-signature 42ms (cache revalidated)
128 silly packumentCache full:https://registry.npmjs.org/cookie-signature set size:21777 disposed:false
129 silly fetch manifest merge-descriptors@^2.0.0
130 silly packumentCache full:https://registry.npmjs.org/merge-descriptors cache-miss
131 http fetch GET 200 https://registry.npmjs.org/merge-descriptors 38ms (cache revalidated)
132 silly packumentCache full:https://registry.npmjs.org/merge-descriptors set size:16527 disposed:false
133 silly fetch manifest content-disposition@^1.0.0
134 silly packumentCache full:https://registry.npmjs.org/content-disposition cache-miss
135 http fetch GET 200 https://registry.npmjs.org/content-disposition 41ms (cache revalidated)
136 silly packumentCache full:https://registry.npmjs.org/content-disposition set size:26893 disposed:false
137 silly fetch manifest bignumber.js@9.0.0
138 silly packumentCache full:https://registry.npmjs.org/bignumber.js cache-miss
139 http fetch GET 200 https://registry.npmjs.org/bignumber.js 47ms (cache revalidated)
140 silly packumentCache full:https://registry.npmjs.org/bignumber.js set size:123203 disposed:false
141 silly fetch manifest readable-stream@2.3.7
142 silly packumentCache full:https://registry.npmjs.org/readable-stream cache-miss
143 http fetch GET 200 https://registry.npmjs.org/readable-stream 47ms (cache revalidated)
144 silly packumentCache full:https://registry.npmjs.org/readable-stream set size:261096 disposed:false
145 silly fetch manifest safe-buffer@5.1.2
146 silly packumentCache full:https://registry.npmjs.org/safe-buffer cache-miss
147 http fetch GET 200 https://registry.npmjs.org/safe-buffer 46ms (cache revalidated)
148 silly packumentCache full:https://registry.npmjs.org/safe-buffer set size:41183 disposed:false
149 silly fetch manifest sqlstring@2.3.1
150 silly packumentCache full:https://registry.npmjs.org/sqlstring cache-miss
151 http fetch GET 200 https://registry.npmjs.org/sqlstring 38ms (cache revalidated)
152 silly packumentCache full:https://registry.npmjs.org/sqlstring set size:31678 disposed:false
153 silly placeDep ROOT accepts@2.0.0 OK for: express@5.1.0 want: ^2.0.0
154 silly placeDep ROOT body-parser@2.2.0 OK for: express@5.1.0 want: ^2.2.0
155 silly placeDep ROOT content-disposition@1.0.0 OK for: express@5.1.0 want: ^1.0.0
156 silly placeDep ROOT content-type@1.0.5 OK for: express@5.1.0 want: ^1.0.5
157 silly placeDep ROOT cookie@0.7.2 OK for: express@5.1.0 want: ^0.7.1
158 silly placeDep ROOT cookie-signature@1.2.2 OK for: express@5.1.0 want: ^1.2.1
159 silly placeDep ROOT debug@4.4.3 OK for: express@5.1.0 want: ^4.4.0
160 silly placeDep ROOT encodeurl@2.0.0 OK for: express@5.1.0 want: ^2.0.0
161 silly placeDep ROOT escape-html@1.0.3 OK for: express@5.1.0 want: ^1.0.3
162 silly placeDep ROOT etag@1.8.1 OK for: express@5.1.0 want: ^1.8.1
163 silly placeDep ROOT finalhandler@2.1.0 OK for: express@5.1.0 want: ^2.1.0
164 silly placeDep ROOT fresh@2.0.0 OK for: express@5.1.0 want: ^2.0.0
165 silly placeDep ROOT http-errors@2.0.0 OK for: express@5.1.0 want: ^2.0.0
166 silly placeDep ROOT merge-descriptors@2.0.0 OK for: express@5.1.0 want: ^2.0.0
167 silly placeDep ROOT mime-types@3.0.1 OK for: express@5.1.0 want: ^3.0.0
168 silly placeDep ROOT on-finished@2.4.1 OK for: express@5.1.0 want: ^2.4.1
169 silly placeDep ROOT once@1.4.0 OK for: express@5.1.0 want: ^1.4.0
170 silly placeDep ROOT parseurl@1.3.3 OK for: express@5.1.0 want: ^1.3.3
171 silly placeDep ROOT proxy-addr@2.0.7 OK for: express@5.1.0 want: ^2.0.7
172 silly placeDep ROOT qs@6.14.0 OK for: express@5.1.0 want: ^6.14.0
173 silly placeDep ROOT range-parser@1.2.1 OK for: express@5.1.0 want: ^1.2.1
174 silly placeDep ROOT router@2.2.0 OK for: express@5.1.0 want: ^2.2.0
175 silly placeDep ROOT send@1.2.0 OK for: express@5.1.0 want: ^1.1.0
176 silly placeDep ROOT serve-static@2.2.0 OK for: express@5.1.0 want: ^2.2.0
177 silly placeDep ROOT statuses@2.0.2 OK for: express@5.1.0 want: ^2.0.1
178 silly placeDep ROOT type-is@2.0.1 OK for: express@5.1.0 want: ^2.0.1
179 silly placeDep ROOT vary@1.1.2 OK for: express@5.1.0 want: ^1.1.2
180 silly fetch manifest negotiator@^1.0.0
181 silly packumentCache full:https://registry.npmjs.org/negotiator cache-miss
182 http fetch GET 200 https://registry.npmjs.org/negotiator 35ms (cache revalidated)
183 silly packumentCache full:https://registry.npmjs.org/negotiator set size:48046 disposed:false
184 silly fetch manifest bytes@^3.1.2
185 silly packumentCache full:https://registry.npmjs.org/bytes cache-miss
186 http fetch GET 200 https://registry.npmjs.org/bytes 62ms (cache revalidated)
187 silly packumentCache full:https://registry.npmjs.org/bytes set size:37018 disposed:false
188 silly fetch manifest iconv-lite@^0.6.3
189 silly packumentCache full:https://registry.npmjs.org/iconv-lite cache-miss
190 http fetch GET 200 https://registry.npmjs.org/iconv-lite 37ms (cache revalidated)
191 silly packumentCache full:https://registry.npmjs.org/iconv-lite set size:118890 disposed:false
192 silly fetch manifest raw-body@^3.0.0
193 silly packumentCache full:https://registry.npmjs.org/raw-body cache-miss
194 http fetch GET 200 https://registry.npmjs.org/raw-body 41ms (cache revalidated)
195 silly packumentCache full:https://registry.npmjs.org/raw-body set size:111234 disposed:false
196 silly fetch manifest type-is@^2.0.0
197 silly packumentCache full:https://registry.npmjs.org/type-is cache-hit
198 silly fetch manifest safe-buffer@5.2.1
199 silly packumentCache full:https://registry.npmjs.org/safe-buffer cache-hit
200 silly fetch manifest ms@^2.1.3
201 silly packumentCache full:https://registry.npmjs.org/ms cache-miss
202 http fetch GET 200 https://registry.npmjs.org/ms 63ms (cache revalidated)
203 silly packumentCache full:https://registry.npmjs.org/ms set size:92208 disposed:false
204 silly fetch manifest depd@2.0.0
205 silly packumentCache full:https://registry.npmjs.org/depd cache-miss
206 http fetch GET 200 https://registry.npmjs.org/depd 35ms (cache revalidated)
207 silly packumentCache full:https://registry.npmjs.org/depd set size:40182 disposed:false
208 silly fetch manifest inherits@2.0.4
209 silly packumentCache full:https://registry.npmjs.org/inherits cache-miss
210 http fetch GET 200 https://registry.npmjs.org/inherits 41ms (cache revalidated)
211 silly packumentCache full:https://registry.npmjs.org/inherits set size:12925 disposed:false
212 silly fetch manifest statuses@2.0.1
213 silly packumentCache full:https://registry.npmjs.org/statuses cache-hit
214 silly fetch manifest toidentifier@1.0.1
215 silly packumentCache full:https://registry.npmjs.org/toidentifier cache-miss
216 http fetch GET 200 https://registry.npmjs.org/toidentifier 41ms (cache revalidated)
217 silly packumentCache full:https://registry.npmjs.org/toidentifier set size:12006 disposed:false
218 silly fetch manifest setprototypeof@1.2.0
219 silly packumentCache full:https://registry.npmjs.org/setprototypeof cache-miss
220 http fetch GET 200 https://registry.npmjs.org/setprototypeof 43ms (cache revalidated)
221 silly packumentCache full:https://registry.npmjs.org/setprototypeof set size:14532 disposed:false
222 silly fetch manifest mime-db@^1.54.0
223 silly packumentCache full:https://registry.npmjs.org/mime-db cache-miss
224 http fetch GET 200 https://registry.npmjs.org/mime-db 42ms (cache revalidated)
225 silly packumentCache full:https://registry.npmjs.org/mime-db set size:164953 disposed:false
226 silly fetch manifest ee-first@1.1.1
227 silly packumentCache full:https://registry.npmjs.org/ee-first cache-miss
228 http fetch GET 200 https://registry.npmjs.org/ee-first 38ms (cache revalidated)
229 silly packumentCache full:https://registry.npmjs.org/ee-first set size:15327 disposed:false
230 silly fetch manifest wrappy@1
231 silly packumentCache full:https://registry.npmjs.org/wrappy cache-miss
232 http fetch GET 200 https://registry.npmjs.org/wrappy 36ms (cache revalidated)
233 silly packumentCache full:https://registry.npmjs.org/wrappy set size:7682 disposed:false
234 silly fetch manifest forwarded@0.2.0
235 silly packumentCache full:https://registry.npmjs.org/forwarded cache-miss
236 http fetch GET 200 https://registry.npmjs.org/forwarded 35ms (cache revalidated)
237 silly packumentCache full:https://registry.npmjs.org/forwarded set size:11229 disposed:false
238 silly fetch manifest ipaddr.js@1.9.1
239 silly packumentCache full:https://registry.npmjs.org/ipaddr.js cache-miss
240 http fetch GET 200 https://registry.npmjs.org/ipaddr.js 37ms (cache revalidated)
241 silly packumentCache full:https://registry.npmjs.org/ipaddr.js set size:65942 disposed:false
242 silly fetch manifest side-channel@^1.1.0
243 silly packumentCache full:https://registry.npmjs.org/side-channel cache-miss
244 http fetch GET 200 https://registry.npmjs.org/side-channel 53ms (cache revalidated)
245 silly packumentCache full:https://registry.npmjs.org/side-channel set size:24660 disposed:false
246 silly fetch manifest depd@^2.0.0
247 silly packumentCache full:https://registry.npmjs.org/depd cache-hit
248 silly fetch manifest is-promise@^4.0.0
249 silly packumentCache full:https://registry.npmjs.org/is-promise cache-miss
250 http fetch GET 200 https://registry.npmjs.org/is-promise 40ms (cache revalidated)
251 silly packumentCache full:https://registry.npmjs.org/is-promise set size:18599 disposed:false
252 silly fetch manifest path-to-regexp@^8.0.0
253 silly packumentCache full:https://registry.npmjs.org/path-to-regexp cache-miss
254 http fetch GET 200 https://registry.npmjs.org/path-to-regexp 58ms (cache revalidated)
255 silly packumentCache full:https://registry.npmjs.org/path-to-regexp set size:207142 disposed:false
256 silly fetch manifest media-typer@^1.1.0
257 silly packumentCache full:https://registry.npmjs.org/media-typer cache-miss
258 http fetch GET 200 https://registry.npmjs.org/media-typer 43ms (cache revalidated)
259 silly packumentCache full:https://registry.npmjs.org/media-typer set size:20873 disposed:false
260 silly placeDep ROOT negotiator@1.0.0 OK for: accepts@2.0.0 want: ^1.0.0
261 silly placeDep ROOT bytes@3.1.2 OK for: body-parser@2.2.0 want: ^3.1.2
262 silly placeDep ROOT iconv-lite@0.6.3 OK for: body-parser@2.2.0 want: ^0.6.3
263 silly placeDep ROOT raw-body@3.0.1 OK for: body-parser@2.2.0 want: ^3.0.0
264 silly fetch manifest safer-buffer@>= 2.1.2 < 3.0.0
265 silly packumentCache full:https://registry.npmjs.org/safer-buffer cache-miss
266 http fetch GET 200 https://registry.npmjs.org/safer-buffer 39ms (cache revalidated)
267 silly packumentCache full:https://registry.npmjs.org/safer-buffer set size:18521 disposed:false
268 silly fetch manifest iconv-lite@0.7.0
269 silly packumentCache full:https://registry.npmjs.org/iconv-lite cache-hit
270 silly fetch manifest unpipe@1.0.0
271 silly packumentCache full:https://registry.npmjs.org/unpipe cache-miss
272 http fetch GET 200 https://registry.npmjs.org/unpipe 40ms (cache revalidated)
273 silly packumentCache full:https://registry.npmjs.org/unpipe set size:3537 disposed:false
274 silly placeDep ROOT safe-buffer@5.2.1 OK for: content-disposition@1.0.0 want: 5.2.1
275 silly placeDep ROOT ms@2.1.3 OK for: debug@4.4.3 want: ^2.1.3
276 silly placeDep ROOT depd@2.0.0 OK for: http-errors@2.0.0 want: 2.0.0
277 silly placeDep ROOT inherits@2.0.4 OK for: http-errors@2.0.0 want: 2.0.4
278 silly placeDep ROOT setprototypeof@1.2.0 OK for: http-errors@2.0.0 want: 1.2.0
279 silly placeDep node_modules/http-errors statuses@2.0.1 OK for: http-errors@2.0.0 want: 2.0.1
280 silly placeDep ROOT toidentifier@1.0.1 OK for: http-errors@2.0.0 want: 1.0.1
281 silly placeDep ROOT safer-buffer@2.1.2 OK for: iconv-lite@0.6.3 want: >= 2.1.2 < 3.0.0
282 silly placeDep ROOT mime-db@1.54.0 OK for: mime-types@3.0.1 want: ^1.54.0
283 silly placeDep ROOT bignumber.js@9.0.0 OK for: mysql@2.18.1 want: 9.0.0
284 silly placeDep ROOT readable-stream@2.3.7 OK for: mysql@2.18.1 want: 2.3.7
285 silly placeDep node_modules/mysql safe-buffer@5.1.2 OK for: mysql@2.18.1 want: 5.1.2
286 silly placeDep ROOT sqlstring@2.3.1 OK for: mysql@2.18.1 want: 2.3.1
287 silly fetch manifest isarray@~1.0.0
288 silly packumentCache full:https://registry.npmjs.org/isarray cache-miss
289 http fetch GET 200 https://registry.npmjs.org/isarray 43ms (cache revalidated)
290 silly packumentCache full:https://registry.npmjs.org/isarray set size:17392 disposed:false
291 silly fetch manifest safe-buffer@~5.1.1
292 silly packumentCache full:https://registry.npmjs.org/safe-buffer cache-hit
293 silly fetch manifest core-util-is@~1.0.0
294 silly packumentCache full:https://registry.npmjs.org/core-util-is cache-miss
295 http fetch GET 200 https://registry.npmjs.org/core-util-is 34ms (cache revalidated)
296 silly packumentCache full:https://registry.npmjs.org/core-util-is set size:7163 disposed:false
297 silly fetch manifest string_decoder@~1.1.1
298 silly packumentCache full:https://registry.npmjs.org/string_decoder cache-miss
299 http fetch GET 200 https://registry.npmjs.org/string_decoder 39ms (cache revalidated)
300 silly packumentCache full:https://registry.npmjs.org/string_decoder set size:28441 disposed:false
301 silly fetch manifest util-deprecate@~1.0.1
302 silly packumentCache full:https://registry.npmjs.org/util-deprecate cache-miss
303 http fetch GET 200 https://registry.npmjs.org/util-deprecate 46ms (cache revalidated)
304 silly packumentCache full:https://registry.npmjs.org/util-deprecate set size:6674 disposed:false
305 silly fetch manifest process-nextick-args@~2.0.0
306 silly packumentCache full:https://registry.npmjs.org/process-nextick-args cache-miss
307 http fetch GET 200 https://registry.npmjs.org/process-nextick-args 49ms (cache revalidated)
308 silly packumentCache full:https://registry.npmjs.org/process-nextick-args set size:15428 disposed:false
309 silly placeDep ROOT ee-first@1.1.1 OK for: on-finished@2.4.1 want: 1.1.1
310 silly placeDep ROOT wrappy@1.0.2 OK for: once@1.4.0 want: 1
311 silly placeDep ROOT forwarded@0.2.0 OK for: proxy-addr@2.0.7 want: 0.2.0
312 silly placeDep ROOT ipaddr.js@1.9.1 OK for: proxy-addr@2.0.7 want: 1.9.1
313 silly placeDep ROOT side-channel@1.1.0 OK for: qs@6.14.0 want: ^1.1.0
314 silly fetch manifest es-errors@^1.3.0
315 silly packumentCache full:https://registry.npmjs.org/es-errors cache-miss
316 http fetch GET 200 https://registry.npmjs.org/es-errors 38ms (cache revalidated)
317 silly packumentCache full:https://registry.npmjs.org/es-errors set size:16918 disposed:false
318 silly fetch manifest object-inspect@^1.13.3
319 silly packumentCache full:https://registry.npmjs.org/object-inspect cache-miss
320 http fetch GET 200 https://registry.npmjs.org/object-inspect 37ms (cache revalidated)
321 silly packumentCache full:https://registry.npmjs.org/object-inspect set size:101912 disposed:false
322 silly fetch manifest side-channel-list@^1.0.0
323 silly packumentCache full:https://registry.npmjs.org/side-channel-list cache-miss
324 http fetch GET 200 https://registry.npmjs.org/side-channel-list 54ms (cache revalidated)
325 silly packumentCache full:https://registry.npmjs.org/side-channel-list set size:6005 disposed:false
326 silly fetch manifest side-channel-map@^1.0.1
327 silly packumentCache full:https://registry.npmjs.org/side-channel-map cache-miss
328 http fetch GET 200 https://registry.npmjs.org/side-channel-map 37ms (cache revalidated)
329 silly packumentCache full:https://registry.npmjs.org/side-channel-map set size:9126 disposed:false
330 silly fetch manifest side-channel-weakmap@^1.0.2
331 silly packumentCache full:https://registry.npmjs.org/side-channel-weakmap cache-miss
332 http fetch GET 200 https://registry.npmjs.org/side-channel-weakmap 40ms (cache revalidated)
333 silly packumentCache full:https://registry.npmjs.org/side-channel-weakmap set size:12620 disposed:false
334 silly placeDep node_modules/raw-body iconv-lite@0.7.0 OK for: raw-body@3.0.1 want: 0.7.0
335 silly placeDep ROOT unpipe@1.0.0 OK for: raw-body@3.0.1 want: 1.0.0
336 silly placeDep ROOT core-util-is@1.0.3 OK for: readable-stream@2.3.7 want: ~1.0.0
337 silly placeDep ROOT isarray@1.0.0 OK for: readable-stream@2.3.7 want: ~1.0.0
338 silly placeDep ROOT process-nextick-args@2.0.1 OK for: readable-stream@2.3.7 want: ~2.0.0
339 silly placeDep node_modules/readable-stream safe-buffer@5.1.2 OK for: readable-stream@2.3.7 want: ~5.1.1
340 silly placeDep ROOT string_decoder@1.1.1 OK for: readable-stream@2.3.7 want: ~1.1.1
341 silly placeDep ROOT util-deprecate@1.0.2 OK for: readable-stream@2.3.7 want: ~1.0.1
342 silly fetch manifest safe-buffer@~5.1.0
343 silly packumentCache full:https://registry.npmjs.org/safe-buffer cache-hit
344 silly placeDep ROOT is-promise@4.0.0 OK for: router@2.2.0 want: ^4.0.0
345 silly placeDep ROOT path-to-regexp@8.3.0 OK for: router@2.2.0 want: ^8.0.0
346 silly placeDep ROOT es-errors@1.3.0 OK for: side-channel@1.1.0 want: ^1.3.0
347 silly placeDep ROOT object-inspect@1.13.4 OK for: side-channel@1.1.0 want: ^1.13.3
348 silly placeDep ROOT side-channel-list@1.0.0 OK for: side-channel@1.1.0 want: ^1.0.0
349 silly placeDep ROOT side-channel-map@1.0.1 OK for: side-channel@1.1.0 want: ^1.0.1
350 silly placeDep ROOT side-channel-weakmap@1.0.2 OK for: side-channel@1.1.0 want: ^1.0.2
351 silly fetch manifest call-bound@^1.0.2
352 silly packumentCache full:https://registry.npmjs.org/call-bound cache-miss
353 http fetch GET 200 https://registry.npmjs.org/call-bound 37ms (cache revalidated)
354 silly packumentCache full:https://registry.npmjs.org/call-bound set size:15317 disposed:false
355 silly fetch manifest get-intrinsic@^1.2.5
356 silly packumentCache full:https://registry.npmjs.org/get-intrinsic cache-miss
357 http fetch GET 200 https://registry.npmjs.org/get-intrinsic 42ms (cache revalidated)
358 silly packumentCache full:https://registry.npmjs.org/get-intrinsic set size:60985 disposed:false
359 silly placeDep ROOT call-bound@1.0.4 OK for: side-channel-map@1.0.1 want: ^1.0.2
360 silly placeDep ROOT get-intrinsic@1.3.0 OK for: side-channel-map@1.0.1 want: ^1.2.5
361 silly fetch manifest call-bind-apply-helpers@^1.0.2
362 silly packumentCache full:https://registry.npmjs.org/call-bind-apply-helpers cache-miss
363 http fetch GET 200 https://registry.npmjs.org/call-bind-apply-helpers 44ms (cache revalidated)
364 silly packumentCache full:https://registry.npmjs.org/call-bind-apply-helpers set size:12744 disposed:false
365 silly fetch manifest get-intrinsic@^1.3.0
366 silly packumentCache full:https://registry.npmjs.org/get-intrinsic cache-hit
367 silly fetch manifest gopd@^1.2.0
368 silly packumentCache full:https://registry.npmjs.org/gopd cache-miss
369 http fetch GET 200 https://registry.npmjs.org/gopd 35ms (cache revalidated)
370 silly packumentCache full:https://registry.npmjs.org/gopd set size:11458 disposed:false
371 silly fetch manifest hasown@^2.0.2
372 silly packumentCache full:https://registry.npmjs.org/hasown cache-miss
373 http fetch GET 200 https://registry.npmjs.org/hasown 34ms (cache revalidated)
374 silly packumentCache full:https://registry.npmjs.org/hasown set size:12476 disposed:false
375 silly fetch manifest get-proto@^1.0.1
376 silly packumentCache full:https://registry.npmjs.org/get-proto cache-miss
377 http fetch GET 200 https://registry.npmjs.org/get-proto 39ms (cache revalidated)
378 silly packumentCache full:https://registry.npmjs.org/get-proto set size:8300 disposed:false
379 silly fetch manifest has-symbols@^1.1.0
380 silly packumentCache full:https://registry.npmjs.org/has-symbols cache-miss
381 http fetch GET 200 https://registry.npmjs.org/has-symbols 40ms (cache revalidated)
382 silly packumentCache full:https://registry.npmjs.org/has-symbols set size:21550 disposed:false
383 silly fetch manifest function-bind@^1.1.2
384 silly packumentCache full:https://registry.npmjs.org/function-bind cache-miss
385 http fetch GET 200 https://registry.npmjs.org/function-bind 43ms (cache revalidated)
386 silly packumentCache full:https://registry.npmjs.org/function-bind set size:15733 disposed:false
387 silly fetch manifest es-object-atoms@^1.1.1
388 silly packumentCache full:https://registry.npmjs.org/es-object-atoms cache-miss
389 http fetch GET 200 https://registry.npmjs.org/es-object-atoms 46ms (cache revalidated)
390 silly packumentCache full:https://registry.npmjs.org/es-object-atoms set size:15304 disposed:false
391 silly fetch manifest math-intrinsics@^1.1.0
392 silly packumentCache full:https://registry.npmjs.org/math-intrinsics cache-miss
393 http fetch GET 200 https://registry.npmjs.org/math-intrinsics 35ms (cache revalidated)
394 silly packumentCache full:https://registry.npmjs.org/math-intrinsics set size:9265 disposed:false
395 silly fetch manifest es-define-property@^1.0.1
396 silly packumentCache full:https://registry.npmjs.org/es-define-property cache-miss
397 http fetch GET 200 https://registry.npmjs.org/es-define-property 32ms (cache revalidated)
398 silly packumentCache full:https://registry.npmjs.org/es-define-property set size:8542 disposed:false
399 silly placeDep ROOT call-bind-apply-helpers@1.0.2 OK for: call-bound@1.0.4 want: ^1.0.2
400 silly placeDep ROOT function-bind@1.1.2 OK for: call-bind-apply-helpers@1.0.2 want: ^1.1.2
401 silly placeDep ROOT es-define-property@1.0.1 OK for: get-intrinsic@1.3.0 want: ^1.0.1
402 silly placeDep ROOT es-object-atoms@1.1.1 OK for: get-intrinsic@1.3.0 want: ^1.1.1
403 silly placeDep ROOT get-proto@1.0.1 OK for: get-intrinsic@1.3.0 want: ^1.0.1
404 silly placeDep ROOT gopd@1.2.0 OK for: get-intrinsic@1.3.0 want: ^1.2.0
405 silly placeDep ROOT has-symbols@1.1.0 OK for: get-intrinsic@1.3.0 want: ^1.1.0
406 silly placeDep ROOT hasown@2.0.2 OK for: get-intrinsic@1.3.0 want: ^2.0.2
407 silly placeDep ROOT math-intrinsics@1.1.0 OK for: get-intrinsic@1.3.0 want: ^1.1.0
408 silly fetch manifest dunder-proto@^1.0.1
409 silly packumentCache full:https://registry.npmjs.org/dunder-proto cache-miss
410 http fetch GET 200 https://registry.npmjs.org/dunder-proto 44ms (cache revalidated)
411 silly packumentCache full:https://registry.npmjs.org/dunder-proto set size:8256 disposed:false
412 silly placeDep ROOT dunder-proto@1.0.1 OK for: get-proto@1.0.1 want: ^1.0.1
413 silly placeDep node_modules/string_decoder safe-buffer@5.1.2 OK for: string_decoder@1.1.1 want: ~5.1.0
414 silly placeDep ROOT media-typer@1.1.0 OK for: type-is@2.0.1 want: ^1.1.0
415 silly reify moves {}
416 silly audit bulk request {
416 silly audit   dotenv: [ '17.2.3' ],
416 silly audit   express: [ '5.1.0' ],
416 silly audit   mysql: [ '2.18.1' ],
416 silly audit   accepts: [ '2.0.0' ],
416 silly audit   'body-parser': [ '2.2.0' ],
416 silly audit   'content-disposition': [ '1.0.0' ],
416 silly audit   'content-type': [ '1.0.5' ],
416 silly audit   cookie: [ '0.7.2' ],
416 silly audit   'cookie-signature': [ '1.2.2' ],
416 silly audit   debug: [ '4.4.3' ],
416 silly audit   encodeurl: [ '2.0.0' ],
416 silly audit   'escape-html': [ '1.0.3' ],
416 silly audit   etag: [ '1.8.1' ],
416 silly audit   finalhandler: [ '2.1.0' ],
416 silly audit   fresh: [ '2.0.0' ],
416 silly audit   'http-errors': [ '2.0.0' ],
416 silly audit   'merge-descriptors': [ '2.0.0' ],
416 silly audit   'mime-types': [ '3.0.1' ],
416 silly audit   'on-finished': [ '2.4.1' ],
416 silly audit   once: [ '1.4.0' ],
416 silly audit   parseurl: [ '1.3.3' ],
416 silly audit   'proxy-addr': [ '2.0.7' ],
416 silly audit   qs: [ '6.14.0' ],
416 silly audit   'range-parser': [ '1.2.1' ],
416 silly audit   router: [ '2.2.0' ],
416 silly audit   send: [ '1.2.0' ],
416 silly audit   'serve-static': [ '2.2.0' ],
416 silly audit   statuses: [ '2.0.2', '2.0.1' ],
416 silly audit   'type-is': [ '2.0.1' ],
416 silly audit   vary: [ '1.1.2' ],
416 silly audit   negotiator: [ '1.0.0' ],
416 silly audit   bytes: [ '3.1.2' ],
416 silly audit   'iconv-lite': [ '0.6.3', '0.7.0' ],
416 silly audit   'raw-body': [ '3.0.1' ],
416 silly audit   'safe-buffer': [ '5.2.1', '5.1.2' ],
416 silly audit   ms: [ '2.1.3' ],
416 silly audit   depd: [ '2.0.0' ],
416 silly audit   inherits: [ '2.0.4' ],
416 silly audit   setprototypeof: [ '1.2.0' ],
416 silly audit   toidentifier: [ '1.0.1' ],
416 silly audit   'safer-buffer': [ '2.1.2' ],
416 silly audit   'mime-db': [ '1.54.0' ],
416 silly audit   'bignumber.js': [ '9.0.0' ],
416 silly audit   'readable-stream': [ '2.3.7' ],
416 silly audit   sqlstring: [ '2.3.1' ],
416 silly audit   'ee-first': [ '1.1.1' ],
416 silly audit   wrappy: [ '1.0.2' ],
416 silly audit   forwarded: [ '0.2.0' ],
416 silly audit   'ipaddr.js': [ '1.9.1' ],
416 silly audit   'side-channel': [ '1.1.0' ],
416 silly audit   unpipe: [ '1.0.0' ],
416 silly audit   'core-util-is': [ '1.0.3' ],
416 silly audit   isarray: [ '1.0.0' ],
416 silly audit   'process-nextick-args': [ '2.0.1' ],
416 silly audit   string_decoder: [ '1.1.1' ],
416 silly audit   'util-deprecate': [ '1.0.2' ],
416 silly audit   'is-promise': [ '4.0.0' ],
416 silly audit   'path-to-regexp': [ '8.3.0' ],
416 silly audit   'es-errors': [ '1.3.0' ],
416 silly audit   'object-inspect': [ '1.13.4' ],
416 silly audit   'side-channel-list': [ '1.0.0' ],
416 silly audit   'side-channel-map': [ '1.0.1' ],
416 silly audit   'side-channel-weakmap': [ '1.0.2' ],
416 silly audit   'call-bound': [ '1.0.4' ],
416 silly audit   'get-intrinsic': [ '1.3.0' ],
416 silly audit   'call-bind-apply-helpers': [ '1.0.2' ],
416 silly audit   'function-bind': [ '1.1.2' ],
416 silly audit   'es-define-property': [ '1.0.1' ],
416 silly audit   'es-object-atoms': [ '1.1.1' ],
416 silly audit   'get-proto': [ '1.0.1' ],
416 silly audit   gopd: [ '1.2.0' ],
416 silly audit   'has-symbols': [ '1.1.0' ],
416 silly audit   hasown: [ '2.0.2' ],
416 silly audit   'math-intrinsics': [ '1.1.0' ],
416 silly audit   'dunder-proto': [ '1.0.1' ],
416 silly audit   'media-typer': [ '1.1.0' ]
416 silly audit }
417 http fetch POST 200 https://registry.npmjs.org/-/npm/v1/security/advisories/bulk 347ms
418 silly audit report {}
419 silly ADD node_modules/media-typer
420 silly ADD node_modules/dunder-proto
421 silly ADD node_modules/math-intrinsics
422 silly ADD node_modules/hasown
423 silly ADD node_modules/has-symbols
424 silly ADD node_modules/gopd
425 silly ADD node_modules/get-proto
426 silly ADD node_modules/es-object-atoms
427 silly ADD node_modules/es-define-property
428 silly ADD node_modules/function-bind
429 silly ADD node_modules/call-bind-apply-helpers
430 silly ADD node_modules/get-intrinsic
431 silly ADD node_modules/call-bound
432 silly ADD node_modules/side-channel-weakmap
433 silly ADD node_modules/side-channel-map
434 silly ADD node_modules/side-channel-list
435 silly ADD node_modules/object-inspect
436 silly ADD node_modules/es-errors
437 silly ADD node_modules/path-to-regexp
438 silly ADD node_modules/is-promise
439 silly ADD node_modules/util-deprecate
440 silly ADD node_modules/string_decoder
441 silly ADD node_modules/string_decoder/node_modules/safe-buffer
442 silly ADD node_modules/process-nextick-args
443 silly ADD node_modules/isarray
444 silly ADD node_modules/core-util-is
445 silly ADD node_modules/unpipe
446 silly ADD node_modules/side-channel
447 silly ADD node_modules/ipaddr.js
448 silly ADD node_modules/forwarded
449 silly ADD node_modules/wrappy
450 silly ADD node_modules/ee-first
451 silly ADD node_modules/sqlstring
452 silly ADD node_modules/readable-stream
453 silly ADD node_modules/readable-stream/node_modules/safe-buffer
454 silly ADD node_modules/bignumber.js
455 silly ADD node_modules/mime-db
456 silly ADD node_modules/safer-buffer
457 silly ADD node_modules/toidentifier
458 silly ADD node_modules/setprototypeof
459 silly ADD node_modules/inherits
460 silly ADD node_modules/depd
461 silly ADD node_modules/ms
462 silly ADD node_modules/safe-buffer
463 silly ADD node_modules/raw-body
464 silly ADD node_modules/raw-body/node_modules/iconv-lite
465 silly ADD node_modules/iconv-lite
466 silly ADD node_modules/bytes
467 silly ADD node_modules/negotiator
468 silly ADD node_modules/vary
469 silly ADD node_modules/type-is
470 silly ADD node_modules/statuses
471 silly ADD node_modules/serve-static
472 silly ADD node_modules/send
473 silly ADD node_modules/router
474 silly ADD node_modules/range-parser
475 silly ADD node_modules/qs
476 silly ADD node_modules/proxy-addr
477 silly ADD node_modules/parseurl
478 silly ADD node_modules/once
479 silly ADD node_modules/on-finished
480 silly ADD node_modules/mime-types
481 silly ADD node_modules/merge-descriptors
482 silly ADD node_modules/http-errors
483 silly ADD node_modules/http-errors/node_modules/statuses
484 silly ADD node_modules/fresh
485 silly ADD node_modules/finalhandler
486 silly ADD node_modules/etag
487 silly ADD node_modules/escape-html
488 silly ADD node_modules/encodeurl
489 silly ADD node_modules/debug
490 silly ADD node_modules/cookie-signature
491 silly ADD node_modules/cookie
492 silly ADD node_modules/content-type
493 silly ADD node_modules/content-disposition
494 silly ADD node_modules/body-parser
495 silly ADD node_modules/accepts
496 silly ADD node_modules/mysql
497 silly ADD node_modules/mysql/node_modules/safe-buffer
498 silly ADD node_modules/express
499 silly ADD node_modules/dotenv
500 verbose cwd /home/ubuntu/node_CRUD
501 verbose os Linux 6.14.0-1014-aws
502 verbose node v18.20.8
503 verbose npm  v10.8.2
504 verbose exit 0
505 info ok
